Using pre-set license
Built from '2021.1/staging' branch; Version is '2021.1.7f1 (d91830b65d9b) revision 14227504'; Using compiler version '192528614'; Build Type 'Release'
OS: 'Windows 10 Home; OS build 19042.985; Version 2009; 64bit' Language: 'es' Physical Memory: 16335 MB
BatchMode: 1, IsHumanControllingUs: 0, StartBugReporterOnCrash: 0, Is64bit: 1, IsPro: 0

 COMMAND LINE ARGUMENTS:
C:\Program Files\Unity\Hub\Editor\2021.1.7f1\Editor\Unity.exe
-adb2
-batchMode
-noUpm
-name
AssetImportWorker0
-projectPath
C:/Users/eduar/Documents/GitHub/Abu---The-Lost-Pyramid/Abu - The Lost Pyramid
-logFile
Logs/AssetImportWorker0.log
-srvPort
55699
Successfully changed project path to: C:/Users/eduar/Documents/GitHub/Abu---The-Lost-Pyramid/Abu - The Lost Pyramid
C:/Users/eduar/Documents/GitHub/Abu---The-Lost-Pyramid/Abu - The Lost Pyramid
Using Asset Import Pipeline V2.
Refreshing native plugins compatible for Editor in 60.79 ms, found 0 plugins.
Preloading 0 native plugins for Editor in 0.00 ms.
Initialize engine version: 2021.1.7f1 (d91830b65d9b)
[Subsystems] Discovering subsystems at path C:/Program Files/Unity/Hub/Editor/2021.1.7f1/Editor/Data/Resources/UnitySubsystems
[Subsystems] Discovering subsystems at path C:/Users/eduar/Documents/GitHub/Abu---The-Lost-Pyramid/Abu - The Lost Pyramid/Assets
GfxDevice: creating device client; threaded=0; jobified=0
Direct3D:
    Version:  Direct3D 11.0 [level 11.1]
    Renderer: Radeon RX 580 Series (ID=0x67df)
    Vendor:   ATI
    VRAM:     8171 MB
    Driver:   27.20.1034.6
Initialize mono
Mono path[0] = 'C:/Program Files/Unity/Hub/Editor/2021.1.7f1/Editor/Data/Managed'
Mono path[1] = 'C:/Program Files/Unity/Hub/Editor/2021.1.7f1/Editor/Data/MonoBleedingEdge/lib/mono/unityjit'
Mono config path = 'C:/Program Files/Unity/Hub/Editor/2021.1.7f1/Editor/Data/MonoBleedingEdge/etc'
Using monoOptions --debugger-agent=transport=dt_socket,embedding=1,server=y,suspend=n,address=127.0.0.1:56284
Begin MonoManager ReloadAssembly
Registering precompiled unity dll's ...
Register platform support module: C:/Program Files/Unity/Hub/Editor/2021.1.7f1/Editor/Data/PlaybackEngines/MacStandaloneSupport/UnityEditor.OSXStandalone.Extensions.dll
Register platform support module: C:/Program Files/Unity/Hub/Editor/2021.1.7f1/Editor/Data/PlaybackEngines/WindowsStandaloneSupport/UnityEditor.WindowsStandalone.Extensions.dll
Registered in 0.002991 seconds.
Native extension for WindowsStandalone target not found
Native extension for OSXStandalone target not found
Refreshing native plugins compatible for Editor in 47.11 ms, found 0 plugins.
Preloading 0 native plugins for Editor in 0.00 ms.
Mono: successfully reloaded assembly
- Completed reload, in  1.514 seconds
Platform modules already initialized, skipping
Registering precompiled user dll's ...
Registered in 0.002555 seconds.
Begin MonoManager ReloadAssembly
Native extension for WindowsStandalone target not found
Native extension for OSXStandalone target not found
Refreshing native plugins compatible for Editor in 0.58 ms, found 0 plugins.
Preloading 0 native plugins for Editor in 0.00 ms.
Mono: successfully reloaded assembly
- Completed reload, in  1.673 seconds
Platform modules already initialized, skipping
========================================================================
Worker process is ready to serve import requests
Launched and connected shader compiler UnityShaderCompiler.exe after 0.05 seconds
Refreshing native plugins compatible for Editor in 0.57 ms, found 0 plugins.
Preloading 0 native plugins for Editor in 0.00 ms.
Unloading 1727 Unused Serialized files (Serialized files now loaded: 0)
System memory in use before: 75.6 MB.
System memory in use after: 75.6 MB.

Unloading 49 unused Assets to reduce memory usage. Loaded Objects now: 2157.
Total: 5.634900 ms (FindLiveObjects: 0.159900 ms CreateObjectMapping: 0.040900 ms MarkObjects: 5.351500 ms  DeleteObjects: 0.081100 ms)

========================================================================
Received Import Request.
  path: Assets/Resources/Scenes/Guiza.unity
  artifactKey: Guid(271d1fc305223264cbde679b920c6d65) Importer(815301076,1909f56bfc062723c751e8b465ee728b)
Start importing Assets/Resources/Scenes/Guiza.unity using Guid(271d1fc305223264cbde679b920c6d65) Importer(815301076,1909f56bfc062723c751e8b465ee728b)  -> (artifact id: '2bf0bd345f9392492e456fe9da1f2b8e') in 0.016271 seconds 
========================================================================
Received Import Request.
  Time since last request: 0.000200 seconds.
  path: Assets/New Terrain.asset
  artifactKey: Guid(880928d4747dfb646a9e8cdc71869c7e) Importer(815301076,1909f56bfc062723c751e8b465ee728b)
Start importing Assets/New Terrain.asset using Guid(880928d4747dfb646a9e8cdc71869c7e) Importer(815301076,1909f56bfc062723c751e8b465ee728b)  -> (artifact id: '1b03e4ba9a824e60da2ad18236f91aa5') in 0.133378 seconds 
========================================================================
Received Import Request.
  Time since last request: 0.000175 seconds.
  path: Assets/Resources/Musica/Tema Principal.wav
  artifactKey: Guid(31531fe5e6889f64f8547108e9ed5f77) Importer(815301076,1909f56bfc062723c751e8b465ee728b)
Start importing Assets/Resources/Musica/Tema Principal.wav using Guid(31531fe5e6889f64f8547108e9ed5f77) Importer(815301076,1909f56bfc062723c751e8b465ee728b)  -> (artifact id: '0d404b279c18f315000236c020b4212e') in 0.151307 seconds 
========================================================================
Received Import Request.
  Time since last request: 0.000147 seconds.
  path: Assets/New Terrain 1.asset
  artifactKey: Guid(7304a5726361fa341bb1b7e6d37d07bc) Importer(815301076,1909f56bfc062723c751e8b465ee728b)
Start importing Assets/New Terrain 1.asset using Guid(7304a5726361fa341bb1b7e6d37d07bc) Importer(815301076,1909f56bfc062723c751e8b465ee728b)  -> (artifact id: '3d90699cbc3f9a9961fa0db28283599e') in 0.281025 seconds 
========================================================================
Received Import Request.
  Time since last request: 0.000617 seconds.
  path: Assets/Resources/Musica/Sonido Jose.mp3
  artifactKey: Guid(26d701f281eec2845b7da073ca790bdf) Importer(815301076,1909f56bfc062723c751e8b465ee728b)
Start importing Assets/Resources/Musica/Sonido Jose.mp3 using Guid(26d701f281eec2845b7da073ca790bdf) Importer(815301076,1909f56bfc062723c751e8b465ee728b)  -> (artifact id: '8cac5f2d5e5625faaf69886d08022c9b') in 0.027140 seconds 
========================================================================
Received Import Request.
  Time since last request: 0.000163 seconds.
  path: Assets/Resources/Musica/Tema Acertijo.mp3
  artifactKey: Guid(c246b9e5d84b35743be32ee74892cd88) Importer(815301076,1909f56bfc062723c751e8b465ee728b)
Start importing Assets/Resources/Musica/Tema Acertijo.mp3 using Guid(c246b9e5d84b35743be32ee74892cd88) Importer(815301076,1909f56bfc062723c751e8b465ee728b)  -> (artifact id: '7b3704259d81cb99969a2c664a1d558a') in 0.014999 seconds 
========================================================================
Received Import Request.
  Time since last request: 8.428055 seconds.
  path: Assets/Resources/Scenes/Menu.unity
  artifactKey: Guid(b737725652ae4e24b850567cf37b53cc) Importer(815301076,1909f56bfc062723c751e8b465ee728b)
Start importing Assets/Resources/Scenes/Menu.unity using Guid(b737725652ae4e24b850567cf37b53cc) Importer(815301076,1909f56bfc062723c751e8b465ee728b)  -> (artifact id: 'b369adc09da4e25d2362eb531cc921d9') in 0.008038 seconds 
========================================================================
Received Prepare
Registering precompiled user dll's ...
Registered in 0.003686 seconds.
Begin MonoManager ReloadAssembly
Native extension for WindowsStandalone target not found
Native extension for OSXStandalone target not found
Refreshing native plugins compatible for Editor in 0.94 ms, found 0 plugins.
Preloading 0 native plugins for Editor in 0.00 ms.
Mono: successfully reloaded assembly
- Completed reload, in  2.259 seconds
Platform modules already initialized, skipping
Refreshing native plugins compatible for Editor in 0.93 ms, found 0 plugins.
Preloading 0 native plugins for Editor in 0.00 ms.
Unloading 1722 Unused Serialized files (Serialized files now loaded: 0)
System memory in use before: 81.0 MB.
System memory in use after: 81.1 MB.

Unloading 40 unused Assets to reduce memory usage. Loaded Objects now: 2185.
Total: 8.933700 ms (FindLiveObjects: 0.232900 ms CreateObjectMapping: 0.062500 ms MarkObjects: 8.600200 ms  DeleteObjects: 0.036000 ms)

========================================================================
Received Import Request.
  Time since last request: 147.767955 seconds.
  path: Assets/Resources/Scripts/MoverPlataforma.cs
  artifactKey: Guid(1944a7f9099201e429c6fdb801207c15) Importer(815301076,1909f56bfc062723c751e8b465ee728b)
Start importing Assets/Resources/Scripts/MoverPlataforma.cs using Guid(1944a7f9099201e429c6fdb801207c15) Importer(815301076,1909f56bfc062723c751e8b465ee728b)  -> (artifact id: 'ce654cc46261e85ae138a1d2025cec2b') in 0.016231 seconds 
========================================================================
Received Prepare
Registering precompiled user dll's ...
Registered in 0.002502 seconds.
Begin MonoManager ReloadAssembly
Native extension for WindowsStandalone target not found
Native extension for OSXStandalone target not found
Refreshing native plugins compatible for Editor in 0.72 ms, found 0 plugins.
Preloading 0 native plugins for Editor in 0.00 ms.
Mono: successfully reloaded assembly
- Completed reload, in  1.100 seconds
Platform modules already initialized, skipping
Refreshing native plugins compatible for Editor in 0.78 ms, found 0 plugins.
Preloading 0 native plugins for Editor in 0.00 ms.
Unloading 1721 Unused Serialized files (Serialized files now loaded: 0)
System memory in use before: 81.0 MB.
System memory in use after: 81.2 MB.

Unloading 40 unused Assets to reduce memory usage. Loaded Objects now: 2188.
Total: 6.401700 ms (FindLiveObjects: 0.206000 ms CreateObjectMapping: 0.053600 ms MarkObjects: 6.113400 ms  DeleteObjects: 0.027400 ms)

========================================================================
Received Prepare
Registering precompiled user dll's ...
Registered in 0.002389 seconds.
Begin MonoManager ReloadAssembly
Native extension for WindowsStandalone target not found
Native extension for OSXStandalone target not found
Refreshing native plugins compatible for Editor in 0.59 ms, found 0 plugins.
Preloading 0 native plugins for Editor in 0.00 ms.
Mono: successfully reloaded assembly
- Completed reload, in  1.030 seconds
Platform modules already initialized, skipping
Refreshing native plugins compatible for Editor in 0.59 ms, found 0 plugins.
Preloading 0 native plugins for Editor in 0.00 ms.
Unloading 1721 Unused Serialized files (Serialized files now loaded: 0)
System memory in use before: 81.1 MB.
System memory in use after: 81.3 MB.

Unloading 40 unused Assets to reduce memory usage. Loaded Objects now: 2191.
Total: 6.070700 ms (FindLiveObjects: 0.186300 ms CreateObjectMapping: 0.043800 ms MarkObjects: 5.814500 ms  DeleteObjects: 0.025100 ms)

========================================================================
Received Prepare
Registering precompiled user dll's ...
Registered in 0.002407 seconds.
Begin MonoManager ReloadAssembly
Native extension for WindowsStandalone target not found
Native extension for OSXStandalone target not found
Refreshing native plugins compatible for Editor in 0.58 ms, found 0 plugins.
Preloading 0 native plugins for Editor in 0.00 ms.
Mono: successfully reloaded assembly
- Completed reload, in  1.008 seconds
Platform modules already initialized, skipping
Refreshing native plugins compatible for Editor in 0.59 ms, found 0 plugins.
Preloading 0 native plugins for Editor in 0.00 ms.
Unloading 1721 Unused Serialized files (Serialized files now loaded: 0)
System memory in use before: 81.2 MB.
System memory in use after: 81.3 MB.

Unloading 40 unused Assets to reduce memory usage. Loaded Objects now: 2194.
Total: 5.779000 ms (FindLiveObjects: 0.140100 ms CreateObjectMapping: 0.042600 ms MarkObjects: 5.568700 ms  DeleteObjects: 0.026500 ms)

========================================================================
Received Prepare
Registering precompiled user dll's ...
Registered in 0.002448 seconds.
Begin MonoManager ReloadAssembly
Native extension for WindowsStandalone target not found
Native extension for OSXStandalone target not found
Refreshing native plugins compatible for Editor in 0.66 ms, found 0 plugins.
Preloading 0 native plugins for Editor in 0.00 ms.
Mono: successfully reloaded assembly
- Completed reload, in  1.025 seconds
Platform modules already initialized, skipping
Refreshing native plugins compatible for Editor in 0.71 ms, found 0 plugins.
Preloading 0 native plugins for Editor in 0.00 ms.
Unloading 1721 Unused Serialized files (Serialized files now loaded: 0)
System memory in use before: 81.2 MB.
System memory in use after: 81.3 MB.

Unloading 40 unused Assets to reduce memory usage. Loaded Objects now: 2197.
Total: 5.973100 ms (FindLiveObjects: 0.181100 ms CreateObjectMapping: 0.052700 ms MarkObjects: 5.713200 ms  DeleteObjects: 0.025000 ms)

========================================================================
Received Prepare
Registering precompiled user dll's ...
Registered in 0.002406 seconds.
Begin MonoManager ReloadAssembly
Native extension for WindowsStandalone target not found
Native extension for OSXStandalone target not found
Refreshing native plugins compatible for Editor in 0.62 ms, found 0 plugins.
Preloading 0 native plugins for Editor in 0.00 ms.
Mono: successfully reloaded assembly
- Completed reload, in  1.018 seconds
Platform modules already initialized, skipping
Refreshing native plugins compatible for Editor in 0.59 ms, found 0 plugins.
Preloading 0 native plugins for Editor in 0.00 ms.
Unloading 1721 Unused Serialized files (Serialized files now loaded: 0)
System memory in use before: 81.2 MB.
System memory in use after: 81.3 MB.

Unloading 40 unused Assets to reduce memory usage. Loaded Objects now: 2200.
Total: 5.974300 ms (FindLiveObjects: 0.162100 ms CreateObjectMapping: 0.039900 ms MarkObjects: 5.736400 ms  DeleteObjects: 0.034400 ms)

========================================================================
Received Prepare
Registering precompiled user dll's ...
Registered in 0.002435 seconds.
Begin MonoManager ReloadAssembly
Native extension for WindowsStandalone target not found
Native extension for OSXStandalone target not found
Refreshing native plugins compatible for Editor in 0.59 ms, found 0 plugins.
Preloading 0 native plugins for Editor in 0.00 ms.
Mono: successfully reloaded assembly
- Completed reload, in  1.023 seconds
Platform modules already initialized, skipping
Refreshing native plugins compatible for Editor in 0.58 ms, found 0 plugins.
Preloading 0 native plugins for Editor in 0.00 ms.
Unloading 1721 Unused Serialized files (Serialized files now loaded: 0)
System memory in use before: 81.2 MB.
System memory in use after: 81.3 MB.

Unloading 40 unused Assets to reduce memory usage. Loaded Objects now: 2203.
Total: 5.513000 ms (FindLiveObjects: 0.145600 ms CreateObjectMapping: 0.041000 ms MarkObjects: 5.305600 ms  DeleteObjects: 0.019600 ms)

========================================================================
Received Import Request.
  Time since last request: 349.622514 seconds.
  path: Assets/Resources/Abu.prefab
  artifactKey: Guid(5be5b6747890ab045b884126a28d6c26) Importer(815301076,1909f56bfc062723c751e8b465ee728b)
Start importing Assets/Resources/Abu.prefab using Guid(5be5b6747890ab045b884126a28d6c26) Importer(815301076,1909f56bfc062723c751e8b465ee728b)  -> (artifact id: 'b963c2f855a78d0fdd22cfada6f2bc80') in 0.184238 seconds 
========================================================================
Received Import Request.
  Time since last request: 0.000150 seconds.
  path: Assets/Resources/PiramideEscalonada.prefab
  artifactKey: Guid(d94427ac265ca2e4382398b4d3c4a022) Importer(815301076,1909f56bfc062723c751e8b465ee728b)
Start importing Assets/Resources/PiramideEscalonada.prefab using Guid(d94427ac265ca2e4382398b4d3c4a022) Importer(815301076,1909f56bfc062723c751e8b465ee728b)  -> (artifact id: '89bcd9e2c157c914907def5ebbdab8e7') in 0.068165 seconds 
========================================================================
Received Import Request.
  Time since last request: 0.000203 seconds.
  path: Assets/Resources/Antorcha.prefab
  artifactKey: Guid(bbaf61ac7476bc446b9a37914b29ce26) Importer(815301076,1909f56bfc062723c751e8b465ee728b)
Start importing Assets/Resources/Antorcha.prefab using Guid(bbaf61ac7476bc446b9a37914b29ce26) Importer(815301076,1909f56bfc062723c751e8b465ee728b)  -> (artifact id: 'd4cbbe9499fa872f2bd23e731419bc1c') in 0.020667 seconds 
========================================================================
Received Import Request.
  Time since last request: 0.000207 seconds.
  path: Assets/Resources/Moneda.prefab
  artifactKey: Guid(52a760b098a9a614dbe1fdfb46eaa025) Importer(815301076,1909f56bfc062723c751e8b465ee728b)
Start importing Assets/Resources/Moneda.prefab using Guid(52a760b098a9a614dbe1fdfb46eaa025) Importer(815301076,1909f56bfc062723c751e8b465ee728b)  -> (artifact id: '378243c589d7581c137c1a127d07a0ad') in 0.016647 seconds 
========================================================================
Received Import Request.
  Time since last request: 0.000220 seconds.
  path: Assets/Resources/Puente.prefab
  artifactKey: Guid(8b32a1eea36e4ee408cfc8624e12f842) Importer(815301076,1909f56bfc062723c751e8b465ee728b)
Start importing Assets/Resources/Puente.prefab using Guid(8b32a1eea36e4ee408cfc8624e12f842) Importer(815301076,1909f56bfc062723c751e8b465ee728b)  -> (artifact id: 'ced880b7f079ee68ea53824f71a865fa') in 0.028545 seconds 
========================================================================
Received Import Request.
  Time since last request: 0.000175 seconds.
  path: Assets/Resources/Llave.prefab
  artifactKey: Guid(617680ba0325e2f4fb99811f7cc87c63) Importer(815301076,1909f56bfc062723c751e8b465ee728b)
Start importing Assets/Resources/Llave.prefab using Guid(617680ba0325e2f4fb99811f7cc87c63) Importer(815301076,1909f56bfc062723c751e8b465ee728b)  -> (artifact id: 'e2420d7817d7472355cdda52f1d1d6c1') in 0.022537 seconds 
========================================================================
Received Import Request.
  Time since last request: 0.000246 seconds.
  path: Assets/Resources/Moneda (1).prefab
  artifactKey: Guid(cc8794a109c946c4288764a0c925ad07) Importer(815301076,1909f56bfc062723c751e8b465ee728b)
Start importing Assets/Resources/Moneda (1).prefab using Guid(cc8794a109c946c4288764a0c925ad07) Importer(815301076,1909f56bfc062723c751e8b465ee728b)  -> (artifact id: 'd4e27e602d07a3ebe9908b4e1c02caf7') in 0.016023 seconds 
========================================================================
Received Import Request.
  Time since last request: 0.000205 seconds.
  path: Assets/Resources/Barco.prefab
  artifactKey: Guid(9cc248073a1df1449a40ac995d128d06) Importer(815301076,1909f56bfc062723c751e8b465ee728b)
Start importing Assets/Resources/Barco.prefab using Guid(9cc248073a1df1449a40ac995d128d06) Importer(815301076,1909f56bfc062723c751e8b465ee728b)  -> (artifact id: '51e40536f15430668aab1712438f605f') in 0.017004 seconds 
========================================================================
Received Import Request.
  Time since last request: 0.000190 seconds.
  path: Assets/Resources/Palmera.prefab
  artifactKey: Guid(aec5c634e580a0b46be7e4bb3b8f8f29) Importer(815301076,1909f56bfc062723c751e8b465ee728b)
Start importing Assets/Resources/Palmera.prefab using Guid(aec5c634e580a0b46be7e4bb3b8f8f29) Importer(815301076,1909f56bfc062723c751e8b465ee728b)  -> (artifact id: '294e5e3c2342215475761977c2ed2156') in 0.015428 seconds 
========================================================================
Received Import Request.
  Time since last request: 0.000137 seconds.
  path: Assets/Resources/Piedra.prefab
  artifactKey: Guid(57149faadc866734abf46467e0b5d1b6) Importer(815301076,1909f56bfc062723c751e8b465ee728b)
Start importing Assets/Resources/Piedra.prefab using Guid(57149faadc866734abf46467e0b5d1b6) Importer(815301076,1909f56bfc062723c751e8b465ee728b)  -> (artifact id: '40400f4f7dbb7c9df2c0dceef1233b81') in 0.052647 seconds 
========================================================================
Received Import Request.
  Time since last request: 0.000174 seconds.
  path: Assets/Resources/PlataformaMoneda.prefab
  artifactKey: Guid(6490ed4e3c0333547838baab0d467e8b) Importer(815301076,1909f56bfc062723c751e8b465ee728b)
Start importing Assets/Resources/PlataformaMoneda.prefab using Guid(6490ed4e3c0333547838baab0d467e8b) Importer(815301076,1909f56bfc062723c751e8b465ee728b)  -> (artifact id: '560679fec02de7055a0084be0d28f15d') in 0.016327 seconds 
========================================================================
Received Import Request.
  Time since last request: 0.000174 seconds.
  path: Assets/Resources/New Terrain.asset
  artifactKey: Guid(4507d30dc16dd354ba40b4599d6d35db) Importer(815301076,1909f56bfc062723c751e8b465ee728b)
Start importing Assets/Resources/New Terrain.asset using Guid(4507d30dc16dd354ba40b4599d6d35db) Importer(815301076,1909f56bfc062723c751e8b465ee728b)  -> (artifact id: '3c5ba9f938ba802f15fb24c5e477944c') in 0.026507 seconds 
========================================================================
Received Import Request.
  Time since last request: 1.132293 seconds.
  path: Assets/Resources/3DAbu/AbuPyramid.obj
  artifactKey: Guid(f50fdb4bd7d7d104da4ec22e6d03eb50) Importer(815301076,1909f56bfc062723c751e8b465ee728b)
Start importing Assets/Resources/3DAbu/AbuPyramid.obj using Guid(f50fdb4bd7d7d104da4ec22e6d03eb50) Importer(815301076,1909f56bfc062723c751e8b465ee728b)  -> (artifact id: 'fdb4f6310a1fa86d7de3de5ef078226e') in 0.101017 seconds 
========================================================================
Received Import Request.
  Time since last request: 0.000149 seconds.
  path: Assets/Resources/3DAbu/AbuTextura3D2.png
  artifactKey: Guid(6710b56ec6bcb0646b8980826691d830) Importer(815301076,1909f56bfc062723c751e8b465ee728b)
Start importing Assets/Resources/3DAbu/AbuTextura3D2.png using Guid(6710b56ec6bcb0646b8980826691d830) Importer(815301076,1909f56bfc062723c751e8b465ee728b)  -> (artifact id: '485a523ec5010dd07c8b4e16d891f2ac') in 0.058518 seconds 
========================================================================
Received Import Request.
  Time since last request: 0.000191 seconds.
  path: Assets/Resources/3DAbu/AbuTextura3D0.png
  artifactKey: Guid(6fe042c9ade7cb5408a9df08be45205a) Importer(815301076,1909f56bfc062723c751e8b465ee728b)
Start importing Assets/Resources/3DAbu/AbuTextura3D0.png using Guid(6fe042c9ade7cb5408a9df08be45205a) Importer(815301076,1909f56bfc062723c751e8b465ee728b)  -> (artifact id: 'e10fd4523a2305951720a7377cedc24f') in 0.018803 seconds 
========================================================================
Received Import Request.
  Time since last request: 0.000166 seconds.
  path: Assets/Resources/3DAbu/AbuTextura3D1.png
  artifactKey: Guid(c352c50e19d1aa14288e83ea2fd3fa0b) Importer(815301076,1909f56bfc062723c751e8b465ee728b)
Start importing Assets/Resources/3DAbu/AbuTextura3D1.png using Guid(c352c50e19d1aa14288e83ea2fd3fa0b) Importer(815301076,1909f56bfc062723c751e8b465ee728b)  -> (artifact id: '42218338e1fe2fa06472d7e69226670a') in 0.017054 seconds 
========================================================================
Received Import Request.
  Time since last request: 0.000284 seconds.
  path: Assets/Resources/3DAbu/AbuTextura3D3.png
  artifactKey: Guid(70e8542aa56578843a3da56b63ab454c) Importer(815301076,1909f56bfc062723c751e8b465ee728b)
Start importing Assets/Resources/3DAbu/AbuTextura3D3.png using Guid(70e8542aa56578843a3da56b63ab454c) Importer(815301076,1909f56bfc062723c751e8b465ee728b)  -> (artifact id: '61b929c134325acd7122958003bba747') in 0.017403 seconds 
========================================================================
Received Prepare
Registering precompiled user dll's ...
Registered in 0.002545 seconds.
Begin MonoManager ReloadAssembly
Native extension for WindowsStandalone target not found
Native extension for OSXStandalone target not found
Refreshing native plugins compatible for Editor in 0.60 ms, found 0 plugins.
Preloading 0 native plugins for Editor in 0.00 ms.
Mono: successfully reloaded assembly
- Completed reload, in  1.022 seconds
Platform modules already initialized, skipping
Refreshing native plugins compatible for Editor in 0.61 ms, found 0 plugins.
Preloading 0 native plugins for Editor in 0.00 ms.
Unloading 1726 Unused Serialized files (Serialized files now loaded: 0)
System memory in use before: 88.9 MB.
System memory in use after: 89.0 MB.

Unloading 42 unused Assets to reduce memory usage. Loaded Objects now: 2322.
Total: 5.620200 ms (FindLiveObjects: 0.168300 ms CreateObjectMapping: 0.042800 ms MarkObjects: 5.363500 ms  DeleteObjects: 0.044600 ms)

========================================================================
Received Import Request.
  Time since last request: 16.531055 seconds.
  path: Assets/Resources/Scenes/Menu.unity
  artifactKey: Guid(b737725652ae4e24b850567cf37b53cc) Importer(815301076,1909f56bfc062723c751e8b465ee728b)
Start importing Assets/Resources/Scenes/Menu.unity using Guid(b737725652ae4e24b850567cf37b53cc) Importer(815301076,1909f56bfc062723c751e8b465ee728b)  -> (artifact id: '254b0b2e7eca29dd8ec1dbd8c38ec5d2') in 0.016761 seconds 
========================================================================
Received Import Request.
  Time since last request: 57.423604 seconds.
  path: Assets/Resources/Scenes/PiramideEscalonada.unity
  artifactKey: Guid(c16889ecc3e7bb9448c2ad4177a9a4f2) Importer(815301076,1909f56bfc062723c751e8b465ee728b)
Start importing Assets/Resources/Scenes/PiramideEscalonada.unity using Guid(c16889ecc3e7bb9448c2ad4177a9a4f2) Importer(815301076,1909f56bfc062723c751e8b465ee728b)  -> (artifact id: '1273611ff3c11094008e999af9700b10') in 0.008189 seconds 
========================================================================
Received Import Request.
  Time since last request: 1.284686 seconds.
  path: Assets/Resources/Scenes/Laberinto.unity
  artifactKey: Guid(2dff888af07ed054c9e03b64dd0f4aee) Importer(815301076,1909f56bfc062723c751e8b465ee728b)
Start importing Assets/Resources/Scenes/Laberinto.unity using Guid(2dff888af07ed054c9e03b64dd0f4aee) Importer(815301076,1909f56bfc062723c751e8b465ee728b)  -> (artifact id: 'f0f2445cfd2bab3d956533dd4ec28748') in 0.008265 seconds 
========================================================================
Received Import Request.
  Time since last request: 2.204986 seconds.
  path: Assets/Resources/Scenes/Guiza.unity
  artifactKey: Guid(271d1fc305223264cbde679b920c6d65) Importer(815301076,1909f56bfc062723c751e8b465ee728b)
Start importing Assets/Resources/Scenes/Guiza.unity using Guid(271d1fc305223264cbde679b920c6d65) Importer(815301076,1909f56bfc062723c751e8b465ee728b)  -> (artifact id: '35818a91467a7d2debe2501d98427645') in 0.003799 seconds 
========================================================================
Received Import Request.
  Time since last request: 0.833642 seconds.
  path: Assets/Resources/Scenes/Creditos.unity
  artifactKey: Guid(8a5d82dc64dea004f8f641636e416be2) Importer(815301076,1909f56bfc062723c751e8b465ee728b)
Start importing Assets/Resources/Scenes/Creditos.unity using Guid(8a5d82dc64dea004f8f641636e416be2) Importer(815301076,1909f56bfc062723c751e8b465ee728b)  -> (artifact id: '95dfc7aefede2a20e9dfc5cf823a4331') in 0.007373 seconds 
========================================================================
Received Prepare
Registering precompiled user dll's ...
Registered in 0.002394 seconds.
Begin MonoManager ReloadAssembly
Native extension for WindowsStandalone target not found
Native extension for OSXStandalone target not found
Refreshing native plugins compatible for Editor in 0.59 ms, found 0 plugins.
Preloading 0 native plugins for Editor in 0.00 ms.
Mono: successfully reloaded assembly
- Completed reload, in  1.035 seconds
Platform modules already initialized, skipping
Refreshing native plugins compatible for Editor in 0.67 ms, found 0 plugins.
Preloading 0 native plugins for Editor in 0.00 ms.
Unloading 1721 Unused Serialized files (Serialized files now loaded: 0)
System memory in use before: 88.7 MB.
System memory in use after: 88.8 MB.

Unloading 40 unused Assets to reduce memory usage. Loaded Objects now: 2325.
Total: 6.303700 ms (FindLiveObjects: 0.207600 ms CreateObjectMapping: 0.054400 ms MarkObjects: 6.015100 ms  DeleteObjects: 0.025000 ms)

AssetImportWorkerClient::OnTransportError - code=2 error=End of file
